<?xml version="1.0" encoding="UTF-8"?>
<!-- Generated by org.testng.reporters.JUnitReportReporter -->
<testsuite hostname="DESKTOP-651B0CJ" failures="0" tests="1" name="org.example.tests.LoginAndAddTest" time="11.645" errors="0" timestamp="2020-07-09T15:30:13 AMT" skipped="0">
  <testcase classname="org.example.tests.LoginAndAddTest" name="loginAndChoseItems" time="11.645"/>
  <system-out/>
</testsuite> <!-- org.example.tests.LoginAndAddTest -->
