<?xml version="1.0" encoding="UTF-8"?>
<!-- Generated by org.testng.reporters.JUnitReportReporter -->
<testsuite hostname="DESKTOP-651B0CJ" failures="0" tests="1" name="org.example.tests.LoginAndAddTest" time="10.500" errors="0" timestamp="2020-07-25T18:48:34 AMT" skipped="0">
  <testcase classname="org.example.tests.LoginAndAddTest" name="loginAndChoseItems" time="10.500"/>
  <system-out/>
</testsuite> <!-- org.example.tests.LoginAndAddTest -->
